<?xml version="1.0" encoding="UTF-8"?>
<!-- Generated by org.testng.reporters.JUnitReportReporter -->
<testsuite hostname="TML-N80833-WFH" failures="0" tests="1" name="features.selfstudy.selfstudy_run" time="54.804" errors="0" timestamp="2025-07-02T11:59:56 GMT+08:00" skipped="0">
  <testcase classname="features.selfstudy.selfstudy_run" name="selfstudy" time="54.804"/>
</testsuite> <!-- features.selfstudy.selfstudy_run -->
